<?xml version="1.0" encoding="UTF-8"?>
<testng-results skipped="0" failed="0" ignored="0" total="1" passed="1">
  <reporter-output>
  </reporter-output>
  <suite name="Default suite" duration-ms="3754" started-at="2022-12-26T13:31:51 IST" finished-at="2022-12-26T13:31:54 IST">
    <groups>
    </groups>
    <test name="Default test" duration-ms="3754" started-at="2022-12-26T13:31:51 IST" finished-at="2022-12-26T13:31:54 IST">
      <class name="testpackage.Demo2">
        <test-method status="PASS" signature="test2()[pri:0, instance:testpackage.Demo2@2f943d71]" name="test2" duration-ms="3699" started-at="2022-12-26T13:31:51 IST" finished-at="2022-12-26T13:31:54 IST">
          <reporter-output>
          </reporter-output>
        </test-method> <!-- test2 -->
      </class> <!-- testpackage.Demo2 -->
    </test> <!-- Default test -->
  </suite> <!-- Default suite -->
</testng-results>
